{"uuid":"6c3baad0-8e04-487c-a969-bc3d17bc8f1a","historyId":"150b6924c10181af7d638dd9657e25ec","fullName":"TestCreateOrganization.createOrganization","labels":[{"name":"package","value":"TestCreateOrganization"},{"name":"testClass","value":"TestCreateOrganization"},{"name":"testMethod","value":"createOrganization"},{"name":"parentSuite","value":"Default Suite"},{"name":"suite","value":"TrelloAPI"},{"name":"subSuite","value":"TestCreateOrganization"},{"name":"host","value":"MohamedReda"},{"name":"thread","value":"17844@MohamedReda.main(1)"},{"name":"framework","value":"testng"},{"name":"language","value":"java"}],"links":[],"name":"createOrganization","status":"broken","statusDetails":{"known":false,"muted":false,"flaky":false,"message":"Invalid JSON expression:\r\nScript1.groovy: 1: Unexpected input: '                         [' @ line 1, column 27.\r\n                            [].id\r\n                             ^\r\n\r\n1 error\r\n","trace":"java.lang.IllegalArgumentException: Invalid JSON expression:\r\nScript1.groovy: 1: Unexpected input: '                         [' @ line 1, column 27.\r\n                            [].id\r\n                             ^\r\n\r\n1 error\r\n\r\n\tat java.base/jdk.internal.reflect.NativeConstructorAccessorImpl.newInstance0(Native Method)\r\n\tat java.base/jdk.internal.reflect.NativeConstructorAccessorImpl.newInstance(NativeConstructorAccessorImpl.java:77)\r\n\tat java.base/jdk.internal.reflect.DelegatingConstructorAccessorImpl.newInstance(DelegatingConstructorAccessorImpl.java:45)\r\n\tat java.base/java.lang.reflect.Constructor.newInstanceWithCaller(Constructor.java:499)\r\n\tat java.base/java.lang.reflect.Constructor.newInstance(Constructor.java:480)\r\n\tat org.codehaus.groovy.reflection.CachedConstructor.invoke(CachedConstructor.java:73)\r\n\tat org.codehaus.groovy.runtime.callsite.ConstructorSite$ConstructorSiteNoUnwrapNoCoerce.callConstructor(ConstructorSite.java:108)\r\n\tat org.codehaus.groovy.runtime.callsite.CallSiteArray.defaultCallConstructor(CallSiteArray.java:57)\r\n\tat org.codehaus.groovy.runtime.callsite.AbstractCallSite.callConstructor(AbstractCallSite.java:263)\r\n\tat org.codehaus.groovy.runtime.callsite.AbstractCallSite.callConstructor(AbstractCallSite.java:286)\r\n\tat io.restassured.internal.path.json.JSONAssertion.getAsJsonObject(JSONAssertion.groovy:61)\r\n\tat io.restassured.internal.path.json.JSONAssertion$getAsJsonObject.callCurrent(Unknown Source)\r\n\tat org.codehaus.groovy.runtime.callsite.CallSiteArray.defaultCallCurrent(CallSiteArray.java:49)\r\n\tat org.codehaus.groovy.runtime.callsite.AbstractCallSite.callCurrent(AbstractCallSite.java:171)\r\n\tat org.codehaus.groovy.runtime.callsite.AbstractCallSite.callCurrent(AbstractCallSite.java:185)\r\n\tat io.restassured.internal.path.json.JSONAssertion.getResult(JSONAssertion.groovy:28)\r\n\tat io.restassured.path.json.JsonPath.get(JsonPath.java:203)\r\n\tat io.restassured.path.json.JsonPath.getString(JsonPath.java:352)\r\n\tat TestCreateOrganization.createOrganization(TestCreateOrganization.java:23)\r\n\tat java.base/jdk.internal.reflect.NativeMethodAccessorImpl.invoke0(Native Method)\r\n\tat java.base/jdk.internal.reflect.NativeMethodAccessorImpl.invoke(NativeMethodAccessorImpl.java:77)\r\n\tat java.base/jdk.internal.reflect.DelegatingMethodAccessorImpl.invoke(DelegatingMethodAccessorImpl.java:43)\r\n\tat java.base/java.lang.reflect.Method.invoke(Method.java:568)\r\n\tat org.testng.internal.invokers.MethodInvocationHelper.invokeMethod(MethodInvocationHelper.java:139)\r\n\tat org.testng.internal.invokers.TestInvoker.invokeMethod(TestInvoker.java:677)\r\n\tat org.testng.internal.invokers.TestInvoker.invokeTestMethod(TestInvoker.java:221)\r\n\tat org.testng.internal.invokers.MethodRunner.runInSequence(MethodRunner.java:50)\r\n\tat org.testng.internal.invokers.TestInvoker$MethodInvocationAgent.invoke(TestInvoker.java:969)\r\n\tat org.testng.internal.invokers.TestInvoker.invokeTestMethods(TestInvoker.java:194)\r\n\tat org.testng.internal.invokers.TestMethodWorker.invokeTestMethods(TestMethodWorker.java:148)\r\n\tat org.testng.internal.invokers.TestMethodWorker.run(TestMethodWorker.java:128)\r\n\tat java.base/java.util.ArrayList.forEach(ArrayList.java:1511)\r\n\tat org.testng.TestRunner.privateRun(TestRunner.java:829)\r\n\tat org.testng.TestRunner.run(TestRunner.java:602)\r\n\tat org.testng.SuiteRunner.runTest(SuiteRunner.java:437)\r\n\tat org.testng.SuiteRunner.runSequentially(SuiteRunner.java:431)\r\n\tat org.testng.SuiteRunner.privateRun(SuiteRunner.java:391)\r\n\tat org.testng.SuiteRunner.run(SuiteRunner.java:330)\r\n\tat org.testng.SuiteRunnerWorker.runSuite(SuiteRunnerWorker.java:52)\r\n\tat org.testng.SuiteRunnerWorker.run(SuiteRunnerWorker.java:95)\r\n\tat org.testng.TestNG.runSuitesSequentially(TestNG.java:1256)\r\n\tat org.testng.TestNG.runSuitesLocally(TestNG.java:1176)\r\n\tat org.testng.TestNG.runSuites(TestNG.java:1099)\r\n\tat org.testng.TestNG.run(TestNG.java:1067)\r\n\tat com.intellij.rt.testng.IDEARemoteTestNG.run(IDEARemoteTestNG.java:66)\r\n\tat com.intellij.rt.testng.RemoteTestNGStarter.main(RemoteTestNGStarter.java:109)\r\nCaused by: org.codehaus.groovy.control.MultipleCompilationErrorsException: startup failed:\r\nScript1.groovy: 1: Unexpected input: 'restAssuredJsonRootObject.[' @ line 1, column 27.\r\n   restAssuredJsonRootObject.[].id\r\n                             ^\r\n\r\n1 error\r\n\r\n\tat org.codehaus.groovy.control.ErrorCollector.failIfErrors(ErrorCollector.java:292)\r\n\tat org.codehaus.groovy.control.ErrorCollector.addFatalError(ErrorCollector.java:148)\r\n\tat org.apache.groovy.parser.antlr4.AstBuilder.collectSyntaxError(AstBuilder.java:4792)\r\n\tat org.apache.groovy.parser.antlr4.AstBuilder.access$100(AstBuilder.java:169)\r\n\tat org.apache.groovy.parser.antlr4.AstBuilder$3.syntaxError(AstBuilder.java:4803)\r\n\tat groovyjarjarantlr4.v4.runtime.ProxyErrorListener.syntaxError(ProxyErrorListener.java:44)\r\n\tat groovyjarjarantlr4.v4.runtime.Parser.notifyErrorListeners(Parser.java:543)\r\n\tat groovyjarjarantlr4.v4.runtime.DefaultErrorStrategy.notifyErrorListeners(DefaultErrorStrategy.java:154)\r\n\tat org.apache.groovy.parser.antlr4.internal.DescriptiveErrorStrategy.reportNoViableAlternative(DescriptiveErrorStrategy.java:92)\r\n\tat org.apache.groovy.parser.antlr4.internal.DescriptiveErrorStrategy.recover(DescriptiveErrorStrategy.java:53)\r\n\tat org.apache.groovy.parser.antlr4.GroovyParser.scriptStatement(GroovyParser.java:528)\r\n\tat org.apache.groovy.parser.antlr4.GroovyParser.scriptStatements(GroovyParser.java:416)\r\n\tat org.apache.groovy.parser.antlr4.GroovyParser.compilationUnit(GroovyParser.java:363)\r\n\tat org.apache.groovy.parser.antlr4.AstBuilder.buildCST(AstBuilder.java:243)\r\n\tat org.apache.groovy.parser.antlr4.AstBuilder.buildCST(AstBuilder.java:221)\r\n\tat org.apache.groovy.parser.antlr4.AstBuilder.buildAST(AstBuilder.java:262)\r\n\tat org.apache.groovy.parser.antlr4.Antlr4ParserPlugin.buildAST(Antlr4ParserPlugin.java:58)\r\n\tat org.codehaus.groovy.control.SourceUnit.buildAST(SourceUnit.java:255)\r\n\tat java.base/java.util.Iterator.forEachRemaining(Iterator.java:133)\r\n\tat java.base/java.util.Spliterators$IteratorSpliterator.forEachRemaining(Spliterators.java:1845)\r\n\tat java.base/java.util.stream.ReferencePipeline$Head.forEach(ReferencePipeline.java:762)\r\n\tat org.codehaus.groovy.control.CompilationUnit.compile(CompilationUnit.java:663)\r\n\tat groovy.lang.GroovyClassLoader.doParseClass(GroovyClassLoader.java:373)\r\n\tat groovy.lang.GroovyClassLoader.lambda$parseClass$2(GroovyClassLoader.java:316)\r\n\tat org.codehaus.groovy.runtime.memoize.StampedCommonCache.compute(StampedCommonCache.java:163)\r\n\tat org.codehaus.groovy.runtime.memoize.StampedCommonCache.getAndPut(StampedCommonCache.java:154)\r\n\tat groovy.lang.GroovyClassLoader.parseClass(GroovyClassLoader.java:314)\r\n\tat groovy.lang.GroovyShell.parseClass(GroovyShell.java:572)\r\n\tat groovy.lang.GroovyShell.parse(GroovyShell.java:585)\r\n\tat groovy.lang.GroovyShell.parse(GroovyShell.java:597)\r\n\tat groovy.lang.GroovyShell.evaluate(GroovyShell.java:459)\r\n\tat groovy.lang.GroovyShell.evaluate(GroovyShell.java:495)\r\n\tat groovy.lang.GroovyShell.evaluate(GroovyShell.java:469)\r\n\tat java.base/jdk.internal.reflect.NativeMethodAccessorImpl.invoke0(Native Method)\r\n\tat java.base/jdk.internal.reflect.NativeMethodAccessorImpl.invoke(NativeMethodAccessorImpl.java:77)\r\n\tat java.base/jdk.internal.reflect.DelegatingMethodAccessorImpl.invoke(DelegatingMethodAccessorImpl.java:43)\r\n\tat java.base/java.lang.reflect.Method.invoke(Method.java:568)\r\n\tat org.codehaus.groovy.runtime.callsite.PlainObjectMetaMethodSite.doInvoke(PlainObjectMetaMethodSite.java:43)\r\n\tat org.codehaus.groovy.runtime.callsite.PogoMetaMethodSite$PogoCachedMethodSiteNoUnwrap.invoke(PogoMetaMethodSite.java:186)\r\n\tat org.codehaus.groovy.runtime.callsite.PogoMetaMethodSite.call(PogoMetaMethodSite.java:75)\r\n\tat org.codehaus.groovy.runtime.callsite.CallSiteArray.defaultCall(CallSiteArray.java:45)\r\n\tat org.codehaus.groovy.runtime.callsite.AbstractCallSite.call(AbstractCallSite.java:125)\r\n\tat org.codehaus.groovy.runtime.callsite.AbstractCallSite.call(AbstractCallSite.java:139)\r\n\tat io.restassured.internal.path.json.JSONAssertion.eval(JSONAssertion.groovy:84)\r\n\tat io.restassured.internal.path.json.JSONAssertion.this$2$eval(JSONAssertion.groovy)\r\n\tat java.base/jdk.internal.reflect.NativeMethodAccessorImpl.invoke0(Native Method)\r\n\tat java.base/jdk.internal.reflect.NativeMethodAccessorImpl.invoke(NativeMethodAccessorImpl.java:77)\r\n\tat java.base/jdk.internal.reflect.DelegatingMethodAccessorImpl.invoke(DelegatingMethodAccessorImpl.java:43)\r\n\tat java.base/java.lang.reflect.Method.invoke(Method.java:568)\r\n\tat org.codehaus.groovy.runtime.callsite.PlainObjectMetaMethodSite.doInvoke(PlainObjectMetaMethodSite.java:43)\r\n\tat org.codehaus.groovy.runtime.callsite.PogoMetaMethodSite$PogoCachedMethodSiteNoUnwrapNoCoerce.invoke(PogoMetaMethodSite.java:198)\r\n\tat org.codehaus.groovy.runtime.callsite.PogoMetaMethodSite.callCurrent(PogoMetaMethodSite.java:62)\r\n\tat org.codehaus.groovy.runtime.callsite.CallSiteArray.defaultCallCurrent(CallSiteArray.java:49)\r\n\tat org.codehaus.groovy.runtime.callsite.AbstractCallSite.callCurrent(AbstractCallSite.java:171)\r\n\tat org.codehaus.groovy.runtime.callsite.AbstractCallSite.callCurrent(AbstractCallSite.java:203)\r\n\tat io.restassured.internal.path.json.JSONAssertion.getAsJsonObject(JSONAssertion.groovy:46)\r\n\t... 35 more\r\n"},"stage":"finished","steps":[],"attachments":[],"parameters":[],"start":1673718427139,"stop":1673718429374}